{"/Users/michael.draws-beer/Desktop/use-form/src/useForm.ts": {"path":"/Users/michael.draws-beer/Desktop/use-form/src/useForm.ts","statementMap":{"0":{"start":{"line":1,"column":23},"end":{"line":7,"column":null}},"1":{"start":{"line":2,"column":2},"end":{"line":6,"column":null}},"2":{"start":{"line":4,"column":6},"end":{"line":4,"column":null}}},"fnMap":{"0":{"name":"(anonymous_0)","decl":{"start":{"line":1,"column":23},"end":{"line":1,"column":29}},"loc":{"start":{"line":1,"column":29},"end":{"line":7,"column":null}},"line":1},"1":{"name":"(anonymous_1)","decl":{"start":{"line":3,"column":10},"end":{"line":3,"column":16}},"loc":{"start":{"line":3,"column":16},"end":{"line":5,"column":null}},"line":3}},"branchMap":{},"s":{"0":1,"1":1,"2":1},"f":{"0":1,"1":1},"b":{},"meta":{"lastBranch":0,"lastFunction":2,"lastStatement":3,"seen":{"s:1:23:7:Infinity":0,"f:1:23:1:29":0,"s:2:2:6:Infinity":1,"f:3:10:3:16":1,"s:4:6:4:Infinity":2}}}
}
